0 Winner: W
. B . 
B B W 
W W . 

1 Winner: B
B W W 
B B B 
W W B 

2 Winner: B
W W B 
B B B 
B W W 

3 Winner: B
W B B 
W B B 
W W B 

4 Winner: W
W W W 
B B . 
B B W 

5 Winner: B
B W . 
B B W 
. B W 

6 Winner: B
B B W 
W B B 
W W B 

7 Winner: W
B B . 
W B B 
W W W 

8 Winner: W
W W W 
W B B 
. B B 

9 Winner: W
W B B 
. B B 
W W W 

10 Winner: B
B W B 
B W B 
B W W 

11 Winner: B
W W B 
B B W 
W B B 

12 Winner: W
. B . 
B B W 
W W . 

13 Winner: B
B B B 
W W B 
W W B 

14 Winner: W
. B . 
W W W 
B . B 

15 Winner: W
B B . 
B B W 
W W W 

16 Winner: B
. W B 
B B W 
. B W 

17 Winner: B
B W . 
B B W 
W B . 

18 Winner: B
. W B 
B B W 
. B W 

19 Winner: B
B B W 
W B W 
W B B 

20 Winner: B
. B . 
W B W 
B . . 

21 Winner: W
. B . 
B B W 
W W . 

22 Winner: B
. . B 
W B . 
. B W 

23 Winner: B
W W B 
B B B 
W W B 

24 Winner: B
B W W 
B B B 
W B W 

25 Winner: W
B B . 
B B W 
W W W 

26 Winner: B
W W B 
W B B 
B B W 

27 Winner: B
W B . 
B B W 
B W . 

28 Winner: W
B B W 
B B . 
W W W 

29 Winner: B
B B W 
W B B 
W W B 

30 Winner: B
W B . 
W B B 
B W . 

31 Winner: B
W . B 
B B . 
B W W 

32 Winner: B
. B . 
W B W 
W B B 

33 Winner: W
W B . 
B B B 
W W W 

34 Winner: B
B W B 
W B B 
B W W 

35 Winner: B
. B . 
B B W 
B W W 

36 Winner: W
. B W 
B B W 
W W B 

37 Winner: B
W B . 
W B . 
. B . 

38 Winner: W
W W W 
B B W 
B B . 

39 Winner: W
B W W 
W B B 
. W B 

40 Winner: B
. B . 
B B W 
B W W 

41 Winner: B
. W B 
W B B 
. W B 

42 Winner: B
. B W 
W B . 
. B . 

43 Winner: W
. W W 
W B B 
W B B 

44 Winner: W
W W W 
W B B 
B B . 

45 Winner: W
B W W 
W B W 
B B . 

46 Winner: B
W W B 
W B W 
B B B 

47 Winner: B
W W B 
B B B 
B W W 

48 Winner: W
W B . 
B B W 
W W B 

49 Winner: W
. W W 
W B B 
B B W 

50 Winner: B
. W B 
W B B 
W . B 

51 Winner: B
B B W 
W B B 
W W B 

52 Winner: W
B B . 
B B W 
W W W 

53 Winner: B
. B . 
W B W 
. B . 

54 Winner: B
W W B 
B B B 
B W W 

55 Winner: B
. W B 
B B . 
B W W 

56 Winner: B
B W W 
B B B 
B W W 

57 Winner: B
B W W 
B B . 
. B W 

58 Winner: B
W . B 
W B W 
B B . 

59 Winner: B
. W B 
W B B 
. B W 

60 Winner: B
. B . 
W B W 
. B . 

61 Winner: B
B W W 
B B B 
B W W 

62 Winner: W
. W W 
W B B 
. B . 

63 Winner: B
W W B 
. B B 
W . B 

64 Winner: B
B W B 
W B B 
W W B 

65 Winner: W
. W W 
W B B 
. B . 

66 Winner: W
B . W 
B B W 
W W B 

67 Winner: B
. B . 
B B W 
B W W 

68 Winner: W
. B W 
W W B 
. B . 

69 Winner: B
B W B 
W B B 
W B W 

70 Winner: B
W W B 
B B W 
W B B 

71 Winner: B
. W B 
W B W 
B . B 

72 Winner: B
W B . 
. B W 
B W B 

73 Winner: W
B W W 
W B W 
. B B 

74 Winner: W
B W B 
. B B 
W W W 

75 Winner: B
W W B 
B B B 
W B W 

76 Winner: B
W B . 
W B B 
. W B 

77 Winner: W
W W W 
B B B 
. W B 

78 Winner: B
W B W 
B B B 
W W B 

79 Winner: B
W W B 
B B W 
B W B 

80 Winner: B
B W B 
W B W 
B W B 

81 Winner: B
. W B 
W B . 
. B . 

82 Winner: B
. B . 
W B W 
. B . 

83 Winner: B
W B . 
B B W 
B W . 

84 Winner: B
W B B 
B B W 
B W W 

85 Winner: B
W W B 
. B B 
W B . 

86 Winner: B
B W B 
W B B 
W B W 

87 Winner: B
W W B 
B B W 
. B . 

88 Winner: W
. W W 
W B B 
W B B 

89 Winner: W
. B . 
B B W 
W W . 

90 Winner: W
. B B 
W B B 
W W W 

91 Winner: B
B W B 
W B B 
W W B 

92 Winner: B
. B W 
B B W 
B W . 

93 Winner: W
. W W 
W B B 
B B W 

94 Winner: B
. W B 
W B B 
W B . 

95 Winner: B
. W B 
W B B 
W . B 

96 Winner: W
W W W 
W B B 
. B B 

97 Winner: B
. W B 
W B B 
W B . 

98 Winner: W
B W B 
. B B 
W W W 

99 Winner: B
W B B 
W B B 
B W W 

100 Winner: B
B W B 
W B B 
W W B 

101 Winner: B
. . B 
W B W 
. B . 

102 Winner: W
. W W 
W B . 
. B B 

103 Winner: W
. B . 
B B W 
W W . 

104 Winner: B
W B . 
B W B 
B W . 

105 Winner: B
. B . 
W B W 
. B . 

106 Winner: B
. B W 
B B W 
B W . 

107 Winner: B
B W B 
. B W 
B W . 

108 Winner: B
B . W 
B B W 
B . W 

109 Winner: B
W W B 
B B W 
W B B 

110 Winner: W
. B B 
W B W 
W W B 

111 Winner: B
. B . 
W B W 
. B . 

112 Winner: W
. W W 
W B B 
. B . 

113 Winner: B
B W . 
B B W 
W B . 

114 Winner: B
. B . 
B B W 
B W W 

115 Winner: W
. W W 
W B B 
. B . 

116 Winner: W
W B W 
W W B 
B B . 

117 Winner: B
B . W 
B B . 
B W W 

118 Winner: B
. . B 
W B . 
. B W 

119 Winner: W
B B W 
B B W 
W W . 

120 Winner: W
B W W 
W B B 
. B W 

121 Winner: W
. B . 
B W W 
W B . 

122 Winner: B
B B W 
B B W 
B W W 

123 Winner: B
. B . 
W B W 
. B . 

124 Winner: W
B W W 
W B B 
W B . 

125 Winner: B
. W B 
W B B 
. W B 

126 Winner: B
. B W 
B B . 
B W W 

127 Winner: B
B B W 
W B W 
W B B 

128 Winner: W
. W W 
W B B 
. B . 

129 Winner: B
B W W 
B B W 
B W B 

130 Winner: W
. W W 
W B B 
. B . 

131 Winner: B
. W B 
W B B 
W . B 

132 Winner: B
B W W 
B B W 
. B . 

133 Winner: W
. B B 
W B B 
W W W 

134 Winner: W
B W W 
W B B 
. W B 

135 Winner: B
B B W 
W B B 
B W W 

136 Winner: B
. B . 
W B W 
. B . 

137 Winner: W
W W W 
W B B 
B B . 

138 Winner: B
W B . 
. B B 
W W B 

139 Winner: W
B W . 
B B W 
W W B 

140 Winner: W
. W W 
W B B 
. B . 

141 Winner: B
W W B 
B B B 
B W W 

142 Winner: B
. B . 
W B W 
. B . 

143 Winner: W
B W W 
W B B 
B W . 

144 Winner: W
W W W 
W B B 
B B . 

145 Winner: B
. B . 
. B W 
B . W 

146 Winner: B
W W B 
B B W 
. B . 

147 Winner: B
B B W 
W B B 
W W B 

148 Winner: B
W B W 
B B W 
W B B 

149 Winner: W
W W W 
W B B 
. B B 

150 Winner: B
W B W 
B B W 
B B W 

151 Winner: B
B B W 
B W B 
B W W 

152 Winner: B
W W B 
W B B 
W B B 

153 Winner: B
B B W 
B B W 
B W W 

154 Winner: B
. B . 
W B W 
. B . 

155 Winner: B
W W B 
W B W 
B B B 

156 Winner: B
. B . 
. B W 
B . W 

157 Winner: B
. B . 
W B B 
B W W 

158 Winner: W
W W W 
B B W 
B B . 

159 Winner: B
B W B 
W B B 
W B W 

160 Winner: B
W W B 
W B B 
. B . 

161 Winner: W
. B B 
B B W 
W W W 

162 Winner: B
B . W 
B B W 
B W . 

163 Winner: B
W W B 
. B B 
W B . 

164 Winner: B
B W . 
B W B 
B W . 

165 Winner: B
. W B 
W B B 
. B W 

166 Winner: B
W B W 
W B W 
B B B 

167 Winner: B
. B . 
W B W 
. B . 

168 Winner: W
W B . 
B B W 
W W B 

169 Winner: W
. W W 
W B B 
. B . 

170 Winner: W
. W W 
W B B 
. B . 

171 Winner: W
W B B 
. B B 
W W W 

172 Winner: W
B . W 
B B W 
W W B 

173 Winner: B
. W B 
W B W 
B . B 

174 Winner: B
B B W 
B B W 
B W W 

175 Winner: W
. W W 
W B . 
. B B 

176 Winner: W
B W . 
B B B 
W W W 

177 Winner: W
B B . 
B B W 
W W W 

178 Winner: B
. B W 
B B W 
B W . 

179 Winner: B
B W W 
B B W 
W B B 

180 Winner: B
W W B 
B B W 
. B . 

181 Winner: B
B B . 
. B W 
W B W 

182 Winner: B
. B . 
W B B 
W W B 

183 Winner: W
B B . 
W B B 
W W W 

184 Winner: W
B W W 
W B B 
W . B 

185 Winner: B
. W B 
W B W 
B B . 

186 Winner: B
W B . 
. B W 
. B . 

187 Winner: W
W B . 
B B B 
W W W 

188 Winner: B
. B . 
W B W 
. B . 

189 Winner: B
W B B 
B B W 
B W W 

190 Winner: W
B B B 
W B W 
W W . 

191 Winner: B
. B W 
W B B 
B W . 

192 Winner: W
. W W 
W B B 
. B . 

193 Winner: W
. B B 
B B W 
W W W 

194 Winner: W
. W W 
W B . 
. B B 

195 Winner: B
B B W 
B B W 
B W W 

196 Winner: B
W W B 
B B B 
B W W 

197 Winner: W
B B B 
W B W 
W W . 

198 Winner: W
B . W 
B B W 
W W B 

199 Winner: B
. B W 
W B . 
. B . 

200 Winner: W
W B . 
B B W 
W W B 

201 Winner: B
W . B 
W B . 
W B B 

202 Winner: B
. B W 
W B B 
. W B 

203 Winner: B
. W B 
B B W 
W B . 

204 Winner: W
B W W 
W B B 
W B . 

205 Winner: B
. B B 
W B . 
B W W 

206 Winner: W
. W W 
W B B 
. B . 

207 Winner: B
W W B 
B B B 
W W B 

208 Winner: B
B B W 
W B W 
B B W 

209 Winner: W
. B . 
B B W 
W W . 

210 Winner: B
. B W 
B B W 
B W . 

211 Winner: B
. B W 
B B . 
B W W 

212 Winner: B
. B W 
B B . 
B W W 

213 Winner: B
B W W 
B B B 
W W B 

214 Winner: W
W W W 
B B W 
. B B 

215 Winner: B
W W B 
B B B 
B W W 

216 Winner: B
B B B 
W W B 
W B W 

217 Winner: W
B W . 
B B B 
W W W 

218 Winner: W
W W W 
. B W 
B B B 

219 Winner: B
B W W 
B B W 
B W B 

220 Winner: B
W B . 
. B W 
B . . 

221 Winner: W
. W W 
W B B 
. B . 

222 Winner: B
B B B 
W B W 
B W W 

223 Winner: W
. W W 
W B B 
. B . 

224 Winner: B
B B W 
B B W 
B W W 

225 Winner: B
B B W 
B B W 
B W W 

226 Winner: B
B W W 
B B . 
. B W 

227 Winner: B
W W B 
. B B 
W . B 

228 Winner: B
B W W 
B B B 
B W W 

229 Winner: B
W B B 
W B B 
W W B 

230 Winner: B
B W W 
B B W 
W B B 

231 Winner: B
. W B 
B B W 
. B W 

232 Winner: W
B W B 
. B B 
W W W 

233 Winner: B
W B . 
B B W 
B W . 

234 Winner: B
B W W 
B B W 
B W B 

235 Winner: W
. B B 
W B B 
W W W 

236 Winner: W
. B . 
B B W 
W W . 

237 Winner: W
W W W 
B B B 
B W . 

238 Winner: B
. B . 
W B W 
. B . 

239 Winner: B
B . W 
B B . 
B W W 

240 Winner: W
B B W 
B B W 
W W . 

241 Winner: B
. B W 
W B B 
B W . 

242 Winner: B
W B B 
B W W 
B B W 

243 Winner: B
W W B 
W B B 
W B B 

244 Winner: W
W B B 
B B W 
W W . 

245 Winner: W
. B . 
B B W 
W W . 

246 Winner: B
W W B 
W B B 
. B . 

247 Winner: B
. W B 
W B W 
B B . 

248 Winner: B
B B W 
B B W 
B W W 

249 Winner: W
W B . 
B B W 
W W B 

250 Winner: W
. B . 
B B W 
W W . 

251 Winner: W
. B W 
B B W 
W W B 

252 Winner: B
. B . 
W B W 
. B . 

253 Winner: B
W B B 
W B W 
B W B 

254 Winner: W
B W W 
W B W 
. B B 

255 Winner: W
. B . 
B B W 
W W . 

256 Winner: B
W . B 
W B B 
B . W 

257 Winner: B
. . B 
W B W 
. B . 

258 Winner: B
. W B 
W B B 
W B . 

259 Winner: W
W W W 
B B W 
B B . 

260 Winner: B
W B B 
. W B 
W B . 

261 Winner: B
. W B 
W B B 
. B W 

262 Winner: B
B B W 
W B W 
B B W 

263 Winner: W
B W W 
W B B 
B W . 

264 Winner: W
. B W 
B W B 
W W B 

265 Winner: W
. B . 
B B W 
W W . 

266 Winner: W
W W W 
B B W 
B B . 

267 Winner: B
W B B 
B B W 
B W W 

268 Winner: B
. B . 
W B B 
B W W 

269 Winner: B
B B W 
B B W 
B W W 

270 Winner: B
B W B 
W B W 
B B W 

271 Winner: W
B W W 
W B B 
W . B 

272 Winner: B
W B . 
W B B 
. W B 

273 Winner: B
. B . 
W B B 
B W W 

274 Winner: W
B W . 
B B B 
W W W 

275 Winner: B
W B B 
W B B 
B W W 

276 Winner: W
. W W 
W B B 
. B . 

277 Winner: B
B B W 
B B W 
B W W 

278 Winner: W
W W W 
B B B 
. W B 

279 Winner: W
B B . 
B W B 
W W W 

280 Winner: B
. B . 
W B W 
B . . 

281 Winner: B
. W B 
W B B 
W B . 

282 Winner: B
W B B 
W B B 
B W W 

283 Winner: B
. B . 
B B W 
B W W 

284 Winner: W
. B W 
W W B 
W B B 

285 Winner: B
W W B 
B B W 
. B . 

286 Winner: W
B W . 
B B B 
W W W 

287 Winner: B
. W B 
W B W 
B . B 

288 Winner: W
B W W 
W B W 
B B . 

289 Winner: B
B W W 
B B W 
W B B 

290 Winner: B
B W W 
B B B 
W W B 

291 Winner: B
B B W 
B B W 
B W W 

292 Winner: B
. B . 
W B B 
W W B 

293 Winner: B
W . B 
W B B 
W B . 

294 Winner: W
W B B 
B B W 
W W . 

295 Winner: W
W B B 
. B W 
W W B 

296 Winner: B
B W B 
W B W 
B B W 

297 Winner: W
. B B 
W B B 
W W W 

298 Winner: B
W W B 
W B W 
B B B 

299 Winner: W
B W W 
W B B 
B . W 

300 Winner: B
W B W 
B B W 
B W B 

301 Winner: W
B W B 
B B W 
W W . 

302 Winner: B
W B B 
B B W 
B W W 

303 Winner: B
B B W 
B B W 
B W W 

304 Winner: W
. B . 
. B W 
W W B 

305 Winner: B
W W B 
B B B 
B W W 

306 Winner: B
W W B 
B B B 
W B W 

307 Winner: B
. B . 
W B W 
. B . 

308 Winner: B
W B B 
B W W 
B B W 

309 Winner: W
B W W 
W B W 
B B . 

310 Winner: B
W W B 
B B W 
. B . 

311 Winner: B
B W B 
. B W 
W B . 

312 Winner: B
. B . 
W B W 
. B . 

313 Winner: B
W W B 
B B W 
W B B 

314 Winner: W
W W W 
B B B 
. W B 

315 Winner: B
B W . 
B B W 
B . W 

316 Winner: W
. B . 
B B W 
W W . 

317 Winner: W
B W . 
B B B 
W W W 

318 Winner: B
W W B 
W B B 
. B . 

319 Winner: B
. B . 
W B W 
B W B 

320 Winner: W
. B B 
B B W 
W W W 

321 Winner: W
B B . 
W B B 
W W W 

322 Winner: B
. B . 
B B W 
W B W 

323 Winner: W
. W W 
W B B 
B B W 

324 Winner: B
. B . 
B W B 
B W W 

325 Winner: B
. B . 
. B W 
B . W 

326 Winner: B
B W W 
B B W 
. B . 

327 Winner: B
. B W 
W B . 
. B . 

328 Winner: B
. . B 
W B W 
. B . 

329 Winner: B
. W B 
B B . 
B W W 

330 Winner: B
B B W 
W B B 
W B W 

331 Winner: W
. W W 
W B B 
W B B 

332 Winner: B
. W B 
W B B 
. B W 

333 Winner: B
W B W 
B B W 
B W B 

334 Winner: B
B W W 
B B B 
W W B 

335 Winner: B
B W B 
B B W 
B W W 

336 Winner: B
B W . 
B B W 
. B W 

337 Winner: B
. B W 
W B B 
. W B 

338 Winner: B
B B W 
W B B 
W W B 

339 Winner: W
B W . 
B B B 
W W W 

340 Winner: B
W W B 
B B W 
B W B 

341 Winner: B
W B . 
W B B 
B W . 

342 Winner: B
. B . 
. B W 
W B . 

343 Winner: B
B B . 
. B W 
W B W 

344 Winner: W
B W W 
W B W 
. B B 

345 Winner: B
W B W 
B B W 
B W B 

346 Winner: B
B W B 
W B B 
W B W 

347 Winner: B
. B . 
W B W 
. B . 

348 Winner: B
W W B 
B B B 
B W W 

349 Winner: B
. B . 
W B W 
. B . 

350 Winner: B
. B . 
B W W 
B B W 

351 Winner: B
. W B 
B B W 
. B W 

352 Winner: W
. B B 
W B W 
W W B 

353 Winner: B
W B . 
W B B 
. W B 

354 Winner: B
B B B 
W B W 
B W W 

355 Winner: W
B B W 
B B . 
W W W 

356 Winner: W
. B . 
W W W 
. B B 

357 Winner: W
W W W 
W B B 
. B B 

358 Winner: B
W B . 
. B W 
. B . 

359 Winner: B
. B . 
W B B 
B W W 

360 Winner: B
W W B 
W B B 
B W B 

361 Winner: W
W W W 
W B B 
B B . 

362 Winner: B
W W B 
B B B 
B W W 

363 Winner: B
B W W 
B B B 
B W W 

364 Winner: B
W W B 
B B W 
B W B 

365 Winner: B
W B W 
W B B 
W B B 

366 Winner: B
B W . 
B B W 
. B W 

367 Winner: B
W W B 
B B W 
W B B 

368 Winner: W
. W W 
W B B 
. B . 

369 Winner: B
. W B 
W B W 
B B . 

370 Winner: B
B W B 
W B B 
W B W 

371 Winner: W
. B . 
B B W 
W W . 

372 Winner: B
. W B 
B B W 
. B W 

373 Winner: B
. B . 
W B B 
B W W 

374 Winner: W
. B B 
W B B 
W W W 

375 Winner: B
. B W 
W B . 
. B . 

376 Winner: B
. B W 
B B . 
B W W 

377 Winner: B
B W B 
W B B 
B W W 

378 Winner: B
B W B 
W B W 
B W B 

379 Winner: B
W B W 
B B W 
B W B 

380 Winner: W
. B . 
B B W 
W W . 

381 Winner: B
B W . 
B B W 
B W . 

382 Winner: B
. W B 
W B . 
. B . 

383 Winner: B
W . B 
B B . 
B W W 

384 Winner: B
B W W 
B B B 
W W B 

385 Winner: W
. B . 
B B W 
W W . 

386 Winner: W
. W W 
W B B 
. B . 

387 Winner: W
B W W 
W B W 
B B . 

388 Winner: B
B B W 
W B B 
B W W 

389 Winner: W
. W W 
W B W 
B B B 

390 Winner: W
B B . 
. B W 
W W . 

391 Winner: B
W B B 
W B B 
B W W 

392 Winner: B
W B B 
B B W 
W B W 

393 Winner: B
. B . 
W B W 
. B . 

394 Winner: B
W B W 
B B . 
. B W 

395 Winner: B
. B . 
W B W 
. B . 

396 Winner: W
B W . 
B B B 
W W W 

397 Winner: W
B B B 
W B W 
W W . 

398 Winner: B
B B W 
B B W 
W B W 

399 Winner: B
. W B 
W B B 
W B . 

400 Winner: W
. B . 
B B W 
W W . 

401 Winner: B
B . B 
W B . 
B W W 

402 Winner: W
W W W 
W B B 
. B B 

403 Winner: B
W B W 
B B W 
W B B 

404 Winner: B
W . B 
B B . 
B W W 

405 Winner: B
W B B 
B B W 
B W W 

406 Winner: B
. B . 
W B B 
B W W 

407 Winner: W
. B . 
B B W 
W W . 

408 Winner: W
. W W 
W B B 
. B . 

409 Winner: W
. B . 
B B W 
W W . 

410 Winner: W
. W W 
W B B 
B B W 

411 Winner: B
W B W 
W B B 
. B . 

412 Winner: B
B B W 
W B W 
W B B 

413 Winner: B
B B W 
W B B 
W W B 

414 Winner: W
B B . 
W B B 
W W W 

415 Winner: B
W B B 
W W B 
W B B 

416 Winner: W
B . B 
W B W 
W W B 

417 Winner: B
. B . 
B B W 
B W W 

418 Winner: B
. W B 
W B . 
. B . 

419 Winner: B
W B B 
B W B 
B W W 

420 Winner: B
W B . 
B B W 
B W . 

421 Winner: B
W W B 
B B B 
B W W 

422 Winner: B
W B B 
W B B 
B W W 

423 Winner: B
. W B 
B B W 
B . W 

424 Winner: B
. B W 
W B . 
. B . 

425 Winner: B
W B . 
W B B 
. W B 

426 Winner: B
B W W 
B B W 
B B W 

427 Winner: W
B W B 
. B W 
W W B 

428 Winner: B
B W B 
W B B 
W B W 

429 Winner: B
W W B 
. B . 
. B . 

430 Winner: W
. W W 
W B B 
. B . 

431 Winner: B
. B . 
W B W 
. B . 

432 Winner: W
B W W 
W B B 
. W B 

433 Winner: B
. B . 
W B W 
. B . 

434 Winner: B
W B B 
B B W 
B W W 

435 Winner: B
W . B 
B B W 
B W . 

436 Winner: W
B W . 
B B B 
W W W 

437 Winner: B
B W W 
B B B 
W W B 

438 Winner: B
B W B 
B B W 
B W W 

439 Winner: W
B B B 
W B . 
W W W 

440 Winner: W
. B . 
B B W 
W W . 

441 Winner: B
. B . 
W B W 
B . . 

442 Winner: B
B W B 
W B W 
W B B 

443 Winner: B
W W B 
W B B 
B B W 

444 Winner: B
B W W 
B B B 
B W W 

445 Winner: B
W B B 
W B B 
B W W 

446 Winner: W
B B . 
. B W 
W W . 

447 Winner: W
W W W 
W B . 
B B B 

448 Winner: W
. B . 
B B W 
W W . 

449 Winner: B
. B . 
. B W 
W B . 

450 Winner: B
W W B 
W B B 
W B B 

451 Winner: B
W W B 
B B W 
B W B 

452 Winner: B
W W B 
B B B 
B W W 

453 Winner: B
W W B 
W B B 
B B W 

454 Winner: B
. B . 
W B W 
. B . 

455 Winner: W
W W W 
B B B 
. W B 

456 Winner: B
B W B 
W B B 
B W W 

457 Winner: W
B B B 
W B W 
W W . 

458 Winner: B
B W . 
B B W 
. B W 

459 Winner: B
W W B 
B B W 
W B B 

460 Winner: B
. . B 
W B W 
. B . 

461 Winner: B
W W B 
B B B 
W W B 

462 Winner: B
. B . 
W B W 
B . . 

463 Winner: W
B B . 
W B B 
W W W 

464 Winner: W
. B W 
B B B 
W W W 

465 Winner: W
. B W 
B W B 
W W B 

466 Winner: B
W W B 
B B B 
B W W 

467 Winner: B
B W W 
B W B 
B B W 

468 Winner: B
B W W 
B B W 
. B . 

469 Winner: B
B W B 
W B W 
W B B 

470 Winner: B
W . B 
B B W 
B W . 

471 Winner: W
. W W 
W B B 
. B . 

472 Winner: B
. B . 
W B W 
. B . 

473 Winner: B
B B W 
B B W 
B W W 

474 Winner: B
. B . 
W B W 
. B . 

475 Winner: W
W W W 
. B . 
B B . 

476 Winner: B
. B . 
W B W 
. B . 

477 Winner: B
. B . 
W B W 
. B . 

478 Winner: W
. W W 
W B B 
. B . 

479 Winner: W
W B . 
B B W 
W W B 

480 Winner: B
B B W 
W B B 
W W B 

481 Winner: B
B W B 
B W B 
B W W 

482 Winner: W
. B B 
W W W 
. B . 

483 Winner: W
W W W 
B W B 
. B B 

484 Winner: B
. B . 
B B W 
B W W 

485 Winner: B
. W B 
B B W 
W B . 

486 Winner: B
. B W 
W B B 
. W B 

487 Winner: B
W . B 
W B . 
. B . 

488 Winner: B
W B B 
B B W 
B W W 

489 Winner: W
B . W 
B B B 
W W W 

490 Winner: B
. B . 
W B B 
B W W 

491 Winner: B
. B . 
B B W 
B W W 

492 Winner: B
B W B 
. B W 
B . W 

493 Winner: B
W B W 
B B W 
B W B 

494 Winner: B
. W B 
W B B 
. W B 

495 Winner: B
. W B 
W B B 
W . B 

496 Winner: B
W W B 
W B B 
W B B 

497 Winner: B
W W B 
W W B 
B B B 

498 Winner: W
W B B 
B B W 
W W . 

499 Winner: B
B W . 
B B W 
B W . 

500 Winner: B
B W W 
B B B 
W B W 

501 Winner: B
B B W 
W B W 
W B B 

502 Winner: W
W W W 
W B B 
B B . 

503 Winner: B
W W B 
. B B 
W B . 

504 Winner: B
. W B 
W B B 
. B W 

505 Winner: B
W B B 
W B W 
W B B 

506 Winner: B
. B W 
W B B 
. W B 

507 Winner: B
W B . 
. B W 
B . . 

508 Winner: B
W W B 
W B B 
B B W 

509 Winner: B
W W B 
B B W 
B W B 

510 Winner: B
W B W 
W B B 
. B . 

511 Winner: W
. B . 
B B W 
W W . 

512 Winner: B
. B . 
W B W 
. B . 

513 Winner: B
W B B 
W W B 
B B W 

514 Winner: W
B B W 
B B W 
W W . 

515 Winner: B
. B W 
W B B 
B W . 

516 Winner: B
W B W 
B B W 
B W B 

517 Winner: B
W B . 
B B W 
B W . 

518 Winner: B
W B W 
W B B 
W B B 

519 Winner: B
. W B 
W B B 
W B . 

520 Winner: W
. W B 
B B B 
W W W 

521 Winner: B
. W B 
B B W 
W B . 

522 Winner: B
. B . 
W B W 
. B . 

523 Winner: B
W B . 
W B B 
. W B 

524 Winner: B
. B . 
B B W 
B W W 

525 Winner: B
B W W 
B B B 
W B W 

526 Winner: B
W B W 
W B . 
. B B 

527 Winner: B
B B . 
. B W 
W B W 

528 Winner: B
W B W 
W B . 
. B B 

529 Winner: B
B B W 
B W B 
B W W 

530 Winner: W
. W W 
W B B 
. B . 

531 Winner: B
W W B 
W B B 
W B B 

532 Winner: B
W W B 
W B B 
W B B 

533 Winner: B
B W B 
W B B 
B W W 

534 Winner: B
. B . 
W B W 
B . . 

535 Winner: B
. B W 
W B . 
. B . 

536 Winner: B
B B W 
W B B 
W W B 

537 Winner: W
W W W 
W B B 
. B B 

538 Winner: B
B W W 
B B B 
W W B 

539 Winner: B
W B W 
B W B 
B W B 

540 Winner: W
B B . 
W B B 
W W W 

541 Winner: W
. B W 
B B W 
W W B 

542 Winner: B
W B B 
B B W 
B W W 

543 Winner: B
W W B 
. B B 
B W . 

544 Winner: W
W W W 
B B W 
. B B 

545 Winner: B
B W . 
B B W 
. B W 

546 Winner: B
W B W 
B B B 
W B W 

547 Winner: W
B B . 
. B W 
W W . 

548 Winner: B
W B W 
B B . 
. B W 

549 Winner: B
W B W 
B B W 
W B B 

550 Winner: B
B B W 
B W W 
B B W 

551 Winner: W
B W W 
W B B 
W B . 

552 Winner: B
B B W 
W B B 
W W B 

553 Winner: B
. B . 
W B W 
. B . 

554 Winner: B
. B . 
B B W 
B W W 

555 Winner: B
W W B 
B B B 
B W W 

556 Winner: B
. B . 
B B W 
B W W 

557 Winner: B
. B . 
W B W 
. B . 

558 Winner: W
. W W 
W B B 
. B . 

559 Winner: W
. B B 
W B W 
W W B 

560 Winner: B
B W B 
. B W 
W B . 

561 Winner: B
W B . 
. B B 
W B W 

562 Winner: B
. W B 
B B W 
. B W 

563 Winner: W
B B . 
B B W 
W W W 

564 Winner: W
W B . 
B B W 
W W B 

565 Winner: B
W B W 
W B . 
. B B 

566 Winner: W
W W W 
B B B 
B W . 

567 Winner: B
. B . 
W B W 
. B . 

568 Winner: B
. W B 
W B B 
W B . 

569 Winner: B
. B . 
B B W 
B W W 

570 Winner: B
. W B 
W B B 
W B . 

571 Winner: B
. W B 
W B B 
W B . 

572 Winner: B
W W B 
B B B 
B W W 

573 Winner: B
. W B 
B W B 
. B W 

574 Winner: B
B B W 
B W W 
B B W 

575 Winner: B
. B . 
W B . 
. B W 

576 Winner: W
B W W 
W B W 
B . B 

577 Winner: B
. B . 
W B . 
B W . 

578 Winner: B
W B B 
W B B 
B W W 

579 Winner: B
W B B 
B W B 
B W W 

580 Winner: B
B W W 
B B B 
W W B 

581 Winner: W
W W W 
B B B 
. W B 

582 Winner: B
W B . 
W B B 
B W . 

583 Winner: B
B B W 
W B B 
W W B 

584 Winner: B
B W . 
B B W 
B W . 

585 Winner: B
. B . 
B B W 
B W W 

586 Winner: B
W W B 
W B B 
B B W 

587 Winner: B
. B W 
B W B 
B W . 

588 Winner: B
B B W 
B B W 
B W W 

589 Winner: B
B B B 
W B W 
B W W 

590 Winner: W
. B B 
W B W 
W W B 

591 Winner: B
W B B 
B W W 
B B W 

592 Winner: B
W B . 
. B . 
B W . 

593 Winner: W
W W W 
B B W 
B . B 

594 Winner: W
. W W 
W B B 
. B . 

595 Winner: B
. B . 
W B B 
B W W 

596 Winner: B
. B . 
W B W 
. B . 

597 Winner: B
W W B 
. B B 
W . B 

598 Winner: B
W B B 
W B B 
W B W 

599 Winner: W
B W W 
W B B 
. W B 

600 Winner: B
W . B 
W B B 
. W B 

601 Winner: W
. B . 
B B W 
W W . 

602 Winner: B
. W B 
W B . 
. B . 

603 Winner: B
W B . 
B W W 
B B . 

604 Winner: B
. B . 
W B W 
. B . 

605 Winner: B
B . B 
W W B 
. B W 

606 Winner: B
B W W 
B B B 
W B W 

607 Winner: W
W W W 
B W B 
B B . 

608 Winner: W
. B . 
B B W 
W W . 

609 Winner: B
B B W 
W B B 
B W W 

610 Winner: B
W B . 
W B B 
B W . 

611 Winner: B
W B W 
B B B 
W B W 

612 Winner: B
. B . 
. B W 
. B W 

613 Winner: W
. B . 
B B W 
W W . 

614 Winner: B
W W B 
B B B 
W W B 

615 Winner: B
. W B 
B W B 
W B . 

616 Winner: W
B W W 
W B B 
. W B 

617 Winner: B
. B B 
W W B 
W . B 

618 Winner: B
W W B 
W B W 
B B B 

619 Winner: B
W W B 
W B B 
B B W 

620 Winner: B
W W B 
B B B 
W B W 

621 Winner: B
W W B 
W B B 
W B B 

622 Winner: W
. W W 
W B B 
W B B 

623 Winner: B
W B B 
W B B 
W W B 

624 Winner: B
B . B 
W B . 
B W W 

625 Winner: W
B B . 
W B B 
W W W 

626 Winner: B
W B . 
. B . 
B W . 

627 Winner: W
B B . 
. B W 
W W . 

628 Winner: W
. W W 
W B B 
. B . 

629 Winner: B
W W B 
W B W 
B B B 

630 Winner: W
W W W 
B B W 
B . B 

631 Winner: B
W W B 
. B B 
B W . 

632 Winner: B
W . B 
W B . 
. B . 

633 Winner: B
W B W 
B B W 
B W B 

634 Winner: W
. W W 
W B . 
. B B 

635 Winner: B
B W W 
B B W 
B W B 

636 Winner: B
. W B 
W B B 
B . W 

637 Winner: B
. B . 
W B W 
. B . 

638 Winner: B
B B W 
W B B 
W W B 

639 Winner: W
W W W 
B B W 
. B B 

640 Winner: B
. B . 
W B W 
. B . 

641 Winner: B
B W W 
B B W 
B B W 

642 Winner: B
W W B 
B B B 
W W B 

643 Winner: W
W B . 
B B W 
W W B 

644 Winner: B
. W B 
W B B 
. B W 

645 Winner: B
. B W 
W B B 
. W B 

646 Winner: B
. B . 
W B W 
. B . 

647 Winner: B
B W W 
B B B 
B W W 

648 Winner: B
. W B 
W B . 
. B . 

649 Winner: B
B W W 
B B W 
W B B 

650 Winner: W
. B . 
B B W 
W W . 

651 Winner: B
B B W 
W B B 
W W B 

652 Winner: B
W B B 
B B W 
B W W 

653 Winner: B
W B B 
B W B 
W W B 

654 Winner: W
W B . 
B B B 
W W W 

655 Winner: B
W W B 
B B B 
W B W 

656 Winner: B
W W B 
B B W 
B W B 

657 Winner: W
W . W 
B W B 
W B B 

658 Winner: B
. B . 
B W W 
B B W 

659 Winner: B
. B . 
. B W 
W B . 

660 Winner: B
W B B 
W W B 
B W B 

661 Winner: B
. W B 
W B B 
. B W 

662 Winner: W
B B . 
. B W 
W W . 

663 Winner: B
W W B 
W B B 
B B W 

664 Winner: B
W B B 
B B W 
B W W 

665 Winner: B
. B . 
B B W 
B W W 

666 Winner: W
W B . 
B B W 
W W B 

667 Winner: B
W W B 
B B B 
B W W 

668 Winner: B
B W . 
B B W 
B W . 

669 Winner: B
. B . 
. B W 
B W . 

670 Winner: W
B W . 
B B W 
W W B 

671 Winner: B
B B W 
W B . 
. B W 

672 Winner: W
. B W 
W W B 
. B . 

673 Winner: B
. W B 
W B B 
W . B 

674 Winner: W
B B W 
B B W 
W W . 

675 Winner: W
. W W 
W B . 
. B B 

676 Winner: B
W . B 
W B . 
B W B 

677 Winner: W
W B B 
. B B 
W W W 

678 Winner: B
W . B 
W B B 
W . B 

679 Winner: W
B W B 
. B B 
W W W 

680 Winner: W
B . W 
B B W 
W W B 

681 Winner: B
W W B 
B B B 
W W B 

682 Winner: B
B W B 
W B B 
W B W 

683 Winner: B
W B . 
. B W 
. B . 

684 Winner: B
B B B 
W W B 
W B W 

685 Winner: B
. B . 
B B W 
B W W 

686 Winner: B
W B B 
W B B 
W W B 

687 Winner: B
W W B 
W B B 
. B . 

688 Winner: B
B W W 
B B W 
B W B 

689 Winner: B
. W B 
B B W 
. B W 

690 Winner: B
. B . 
B B W 
B W W 

691 Winner: B
. W B 
B B W 
B W . 

692 Winner: B
W B B 
W B W 
B W B 

693 Winner: B
B W W 
B B W 
. B . 

694 Winner: W
W B . 
B B W 
W W B 

695 Winner: W
B B W 
B B . 
W W W 

696 Winner: B
W W B 
B B B 
W W B 

697 Winner: W
. W W 
W B B 
. B . 

698 Winner: B
B W B 
W B B 
W B W 

699 Winner: B
W B W 
B B B 
W W B 

700 Winner: B
B B W 
B B W 
B W W 

701 Winner: W
. B B 
W B B 
W W W 

702 Winner: W
. W W 
W B B 
. B . 

703 Winner: B
. B . 
W B B 
W B W 

704 Winner: B
. B . 
B B W 
B W W 

705 Winner: B
B B W 
B B W 
B W W 

706 Winner: B
. B . 
B B W 
B W W 

707 Winner: W
B W W 
W B B 
W . B 

708 Winner: B
W . B 
W B B 
. W B 

709 Winner: B
W B W 
W B B 
W B B 

710 Winner: B
W W B 
B W B 
W B B 

711 Winner: B
W B W 
B B W 
B W B 

712 Winner: W
B B W 
B W B 
W . W 

713 Winner: W
W W W 
W B B 
. B B 

714 Winner: B
B W B 
W B W 
B W B 

715 Winner: B
B . W 
B B W 
B W . 

716 Winner: B
. B . 
W B W 
. B . 

717 Winner: W
. W W 
W B B 
B . . 

718 Winner: W
W B . 
B B W 
W W B 

719 Winner: B
. B W 
W B B 
B W . 

720 Winner: W
B W W 
W B B 
. B W 

721 Winner: B
. B . 
. B W 
W B . 

722 Winner: B
. B . 
B B W 
W B W 

723 Winner: B
B W . 
B B W 
. B W 

724 Winner: B
. . B 
W B . 
. B W 

725 Winner: B
. B . 
W B W 
. B . 

726 Winner: B
B W B 
W B B 
W B W 

727 Winner: B
W W B 
W B B 
W B B 

728 Winner: W
B B . 
W B W 
W W B 

729 Winner: B
B W W 
B B W 
B W B 

730 Winner: W
. B . 
B B W 
W W . 

731 Winner: W
W W W 
W B . 
B B B 

732 Winner: W
. B W 
B B W 
W W B 

733 Winner: B
. B . 
W B W 
. B . 

734 Winner: W
. B B 
W B B 
W W W 

735 Winner: B
. W B 
W B B 
. W B 

736 Winner: B
B B W 
W B B 
W B W 

737 Winner: W
B B B 
. B W 
W W W 

738 Winner: B
B B B 
W B W 
B W W 

739 Winner: B
. B . 
W B W 
. B . 

740 Winner: B
W B . 
. B B 
W B W 

741 Winner: B
B B B 
W B W 
W B W 

742 Winner: B
. B W 
W B B 
B W . 

743 Winner: B
B W . 
B B W 
B W . 

744 Winner: B
. B . 
W B B 
B W W 

745 Winner: W
B . W 
B B W 
W W B 

746 Winner: B
B W . 
B B W 
B W . 

747 Winner: B
. B . 
W B W 
. B . 

748 Winner: W
. W W 
W B . 
B . B 

749 Winner: B
W B W 
W B . 
. B B 

750 Winner: B
W B W 
B B W 
B B W 

751 Winner: B
. B . 
. B W 
B W . 

752 Winner: B
W B B 
W B B 
B W W 

753 Winner: W
. B B 
W B B 
W W W 

754 Winner: W
W W W 
B B B 
B W . 

755 Winner: B
W B W 
B B W 
W B B 

756 Winner: B
. B . 
. B W 
B . W 

757 Winner: B
B W B 
W B B 
W B W 

758 Winner: B
W B B 
B B W 
B W W 

759 Winner: B
. W B 
B B W 
W B . 

760 Winner: W
. W W 
W B B 
. B . 

761 Winner: W
. B . 
W W W 
B B . 

762 Winner: B
B W W 
B B B 
W W B 

763 Winner: W
. B B 
W B B 
W W W 

764 Winner: B
B W B 
W B B 
W B W 

765 Winner: B
W W B 
B B B 
W W B 

766 Winner: W
B B . 
B W B 
W W W 

767 Winner: B
B W . 
B B W 
W B . 

768 Winner: B
. . B 
W B . 
. B W 

769 Winner: W
B B . 
W B B 
W W W 

770 Winner: W
. B W 
B W B 
W B W 

771 Winner: B
W B W 
B B B 
W W B 

772 Winner: W
B B . 
B B W 
W W W 

773 Winner: W
B B B 
W B W 
W W . 

774 Winner: W
B W W 
W B B 
. W B 

775 Winner: B
W B W 
B B W 
B W B 

776 Winner: W
. W W 
W B B 
. B . 

777 Winner: B
. W B 
B B W 
. B W 

778 Winner: W
W W W 
B B W 
. B B 

779 Winner: W
. W W 
W B B 
. B . 

780 Winner: B
W B . 
B W W 
B B . 

781 Winner: B
. B . 
W B W 
. B . 

782 Winner: B
W B W 
B B B 
B W W 

783 Winner: B
B W B 
W B B 
W B W 

784 Winner: B
W W B 
W B B 
. B . 

785 Winner: B
B W W 
B B B 
B W W 

786 Winner: B
B W B 
W B B 
W W B 

787 Winner: W
W W W 
B B . 
B B W 

788 Winner: B
B B W 
B W W 
B B W 

789 Winner: B
B W W 
B B B 
B W W 

790 Winner: B
W B B 
W B B 
W W B 

791 Winner: B
. W B 
B W B 
W B . 

792 Winner: W
. B . 
B W W 
W B . 

793 Winner: B
. B . 
B B W 
B W W 

794 Winner: B
. B . 
W B . 
B . W 

795 Winner: B
W B W 
B B W 
B W B 

796 Winner: B
W B . 
W B W 
B . B 

797 Winner: B
. B W 
W B B 
. W B 

798 Winner: B
. B . 
W B W 
. B . 

799 Winner: B
B W . 
B B W 
W B . 

800 Winner: W
. W W 
W B B 
. B . 

801 Winner: B
W W B 
B B W 
. B . 

802 Winner: W
W B B 
. B B 
W W W 

803 Winner: W
B W W 
W B W 
. B B 

804 Winner: W
. B B 
W B B 
W W W 

805 Winner: B
W B B 
. W B 
W . B 

806 Winner: W
. B W 
W W W 
B B B 

807 Winner: W
W W W 
B B B 
. B W 

808 Winner: B
B B W 
W B B 
W B W 

809 Winner: W
W W W 
B B B 
. B W 

810 Winner: B
. B . 
W B W 
. B . 

811 Winner: W
. W W 
W B . 
. B B 

812 Winner: W
. W W 
W B B 
B W B 

813 Winner: B
. B W 
W B B 
. W B 

814 Winner: W
W W W 
B B B 
B W . 

815 Winner: B
. W B 
. B . 
W B . 

816 Winner: B
B B B 
W B W 
B W W 

817 Winner: B
. W B 
B B W 
W B . 

818 Winner: B
W W B 
. B B 
W B . 

819 Winner: B
. W B 
W B B 
. W B 

820 Winner: B
W W B 
W W B 
B B B 

821 Winner: B
W B . 
B B W 
B W . 

822 Winner: B
B W . 
B B W 
B . W 

823 Winner: B
W B . 
W B B 
B W . 

824 Winner: B
B B W 
W B B 
B W W 

825 Winner: W
B W . 
B B B 
W W W 

826 Winner: W
W W W 
B B W 
B B . 

827 Winner: B
. W B 
B B W 
W B . 

828 Winner: B
W B W 
B B B 
B W W 

829 Winner: B
. W B 
W B W 
B . B 

830 Winner: W
B B . 
. B W 
W W . 

831 Winner: B
W B . 
. B W 
B . . 

832 Winner: W
W W W 
W B B 
. B B 

833 Winner: W
. B B 
W B B 
W W W 

834 Winner: B
W W B 
B B W 
B W B 

835 Winner: B
. W B 
W B B 
W . B 

836 Winner: W
. B . 
B B W 
W W . 

837 Winner: W
. W W 
W B . 
. B B 

838 Winner: W
. B B 
W B B 
W W W 

839 Winner: B
. B . 
W B B 
B W W 

840 Winner: B
W B W 
B B W 
B W B 

841 Winner: B
B W W 
B B B 
W W B 

842 Winner: B
W W B 
B B B 
W W B 

843 Winner: W
. B . 
B B W 
W W . 

844 Winner: B
W B . 
B W B 
B W . 

845 Winner: B
W W B 
W B B 
B B W 

846 Winner: B
. B . 
B B W 
B W W 

847 Winner: B
W W B 
B B W 
. B . 

848 Winner: B
B W B 
W B W 
B W B 

849 Winner: B
B W W 
B B W 
. B . 

850 Winner: B
W B W 
B W B 
B B W 

851 Winner: B
. B B 
W B . 
B W W 

852 Winner: B
W W B 
W B B 
W B B 

853 Winner: B
. W B 
W W B 
B . B 

854 Winner: W
. B . 
B B W 
W W . 

855 Winner: B
B B W 
B B W 
B W W 

856 Winner: W
. W W 
W B B 
. B . 

857 Winner: B
B W B 
W B B 
W W B 

858 Winner: B
B B W 
W B B 
B W W 

859 Winner: W
. W W 
W B W 
B B B 

860 Winner: B
B W W 
B B W 
W B B 

861 Winner: W
W W W 
W B B 
B B . 

862 Winner: B
. B W 
W B . 
. B . 

863 Winner: W
B W B 
B B W 
W W . 

864 Winner: B
W W B 
W B B 
B B W 

865 Winner: B
. B . 
. B W 
B W . 

866 Winner: W
. B B 
. B W 
W W . 

867 Winner: B
W W B 
B B B 
W W B 

868 Winner: B
W B W 
B B B 
W W B 

869 Winner: B
. B . 
W B W 
. B . 

870 Winner: B
. B W 
W B . 
. B . 

871 Winner: B
B . W 
B B W 
B W . 

872 Winner: B
B B W 
W B B 
W W B 

873 Winner: B
. B . 
B B W 
W B W 

874 Winner: W
. B B 
W B B 
W W W 

875 Winner: B
B B W 
W B B 
W B W 

876 Winner: W
W W W 
B B W 
. B B 

877 Winner: W
B B W 
B B W 
W W . 

878 Winner: B
W W B 
B W B 
. B . 

879 Winner: W
B B W 
W W B 
B W . 

880 Winner: B
. B . 
W B W 
. B . 

881 Winner: W
. W W 
W B B 
. B . 

882 Winner: B
W W B 
B B B 
B W W 

883 Winner: B
B B W 
B B W 
B W W 

884 Winner: B
W . B 
W B B 
. W B 

885 Winner: B
W B . 
W B B 
. W B 

886 Winner: W
. B . 
B B W 
W W . 

887 Winner: B
W W B 
. B B 
W . B 

888 Winner: B
W W B 
B B W 
W B B 

889 Winner: B
B B . 
. B W 
W B W 

890 Winner: B
. B . 
. B W 
W B . 

891 Winner: B
. B . 
W B . 
. B W 

892 Winner: B
. . B 
W B W 
B . . 

893 Winner: B
B W W 
B B W 
. B . 

894 Winner: W
B W W 
W B B 
W . B 

895 Winner: W
W W W 
W B . 
B B B 

896 Winner: W
W W W 
B B W 
B B . 

897 Winner: B
W W B 
W B B 
. B . 

898 Winner: B
B W W 
B B W 
. B . 

899 Winner: W
. W W 
W B B 
. B . 

900 Winner: W
. W W 
W B B 
. B . 

901 Winner: W
B B B 
W B . 
W W W 

902 Winner: B
B W W 
B B W 
B B W 

903 Winner: W
B W . 
B B B 
W W W 

904 Winner: B
B B W 
W B B 
W W B 

905 Winner: B
B B W 
W B W 
B W B 

906 Winner: B
. B W 
B B W 
B W . 

907 Winner: W
B W W 
W B W 
. B B 

908 Winner: B
W B B 
W B B 
B W W 

909 Winner: B
. W B 
B B W 
W B . 

910 Winner: B
W B . 
. B B 
W W B 

911 Winner: B
. B . 
W B W 
B . . 

912 Winner: B
W W B 
. B W 
B . B 

913 Winner: W
W W W 
B B B 
W B . 

914 Winner: B
W W B 
B B B 
B W W 

915 Winner: W
B W . 
B B W 
W W B 

916 Winner: B
. W B 
W B . 
. B . 

917 Winner: B
W W B 
B B W 
B B W 

918 Winner: W
B B . 
. B W 
W W . 

919 Winner: B
B W W 
B B B 
W W B 

920 Winner: B
B W B 
W B B 
W B W 

921 Winner: W
B W . 
B B B 
W W W 

922 Winner: W
. B B 
W B B 
W W W 

923 Winner: W
. W W 
W B B 
. B . 

924 Winner: B
W W B 
B B B 
W W B 

925 Winner: B
W W B 
. B B 
B . W 

926 Winner: B
B . W 
B B W 
B W . 

927 Winner: W
B W W 
W B B 
W B . 

928 Winner: B
. B . 
W B B 
B W W 

929 Winner: W
W W W 
W B B 
. B B 

930 Winner: B
B B W 
B B W 
B W W 

931 Winner: W
W W W 
. B W 
B B B 

932 Winner: B
W W B 
W B B 
. B . 

933 Winner: W
. B W 
W W B 
. B . 

934 Winner: B
B W W 
B B B 
B W W 

935 Winner: W
. B . 
B B W 
W W . 

936 Winner: B
. B W 
W B . 
. B . 

937 Winner: B
W B . 
B B W 
B W . 

938 Winner: W
. W W 
W B B 
B B W 

939 Winner: B
W B . 
. B W 
B . . 

940 Winner: B
W B W 
B B W 
B W B 

941 Winner: W
W W W 
B B B 
W B . 

942 Winner: B
B B W 
B B W 
W B W 

943 Winner: W
. W W 
W B B 
. B . 

944 Winner: B
W B W 
W B B 
W B B 

945 Winner: B
. W B 
B B W 
W B . 

946 Winner: W
. W W 
W B B 
W B B 

947 Winner: B
W B B 
W B B 
W W B 

948 Winner: B
B W B 
W B B 
W W B 

949 Winner: W
. W W 
W B . 
. B B 

950 Winner: B
B W . 
B B W 
. B W 

951 Winner: B
W W B 
W B B 
. B . 

952 Winner: B
W . B 
W B B 
W . B 

953 Winner: B
B W W 
B B B 
B W W 

954 Winner: B
W W B 
B B B 
W B W 

955 Winner: B
W B . 
B W B 
B W . 

956 Winner: B
W B W 
B B W 
B W B 

957 Winner: B
W B B 
B W B 
B W W 

958 Winner: W
B B . 
. B W 
W W . 

959 Winner: W
. W W 
W B B 
. B . 

960 Winner: B
W B B 
B B W 
B W W 

961 Winner: B
W B B 
W B B 
W B W 

962 Winner: B
B W W 
B W B 
B B W 

963 Winner: B
. W B 
B B W 
. B W 

964 Winner: B
W . B 
W B B 
. W B 

965 Winner: W
B B . 
W B B 
W W W 

966 Winner: W
W . B 
B B W 
W W B 

967 Winner: B
B W W 
B B B 
B W W 

968 Winner: B
. B . 
W B W 
. B . 

969 Winner: W
. B . 
B B W 
W W . 

970 Winner: B
. B . 
W B W 
. B . 

971 Winner: W
. B . 
W W W 
. B B 

972 Winner: B
W B . 
. B W 
. B . 

973 Winner: B
W B . 
W B B 
B W . 

974 Winner: W
. B . 
B B W 
W W . 

975 Winner: W
B B . 
W B B 
W W W 

976 Winner: B
W B . 
W B B 
. W B 

977 Winner: B
W W B 
. B B 
W . B 

978 Winner: B
. B W 
B B . 
B W W 

979 Winner: B
B B W 
W B B 
B W W 

980 Winner: B
W W B 
B B W 
B W B 

981 Winner: B
B B W 
W B W 
B B W 

982 Winner: W
B W W 
W B B 
B W . 

983 Winner: B
B W W 
B B W 
. B . 

984 Winner: B
. B W 
B B W 
B W . 

985 Winner: W
. W W 
W B B 
W B B 

986 Winner: W
. B B 
B W W 
W W B 

987 Winner: W
B W W 
W B B 
W . B 

988 Winner: B
W W B 
B B B 
B W W 

989 Winner: B
. B W 
W B B 
B W . 

990 Winner: B
B W B 
W B W 
B W B 

991 Winner: B
W B B 
B W B 
B W W 

992 Winner: W
W B B 
B B W 
W W . 

993 Winner: W
B B B 
. B W 
W W W 

994 Winner: W
W B W 
B W B 
W . B 

995 Winner: B
B W B 
W B W 
B B W 

996 Winner: W
B W W 
W B B 
. W B 

997 Winner: B
B B B 
W B W 
B W W 

998 Winner: B
. B . 
W B W 
. B . 

999 Winner: B
. B . 
. B W 
B W . 

1000 Winner: B
. . B 
W B W 
. B . 

1001 Winner: B
W W B 
W B B 
. B . 

1002 Winner: B
B W B 
W B B 
W W B 

1003 Winner: B
B W . 
B B W 
. B W 

1004 Winner: W
. W W 
W B B 
B B W 

1005 Winner: B
. B W 
W B . 
. B . 

1006 Winner: W
. W B 
B B B 
W W W 

1007 Winner: W
B W . 
B B W 
W W B 

1008 Winner: B
. B W 
W B B 
B W . 

1009 Winner: W
W B B 
B B W 
W W . 

1010 Winner: B
W W B 
. B W 
B B . 

1011 Winner: B
B W W 
B B B 
W W B 

1012 Winner: B
W B B 
W B B 
B W W 

1013 Winner: B
W B B 
B W B 
W W B 

1014 Winner: B
W W B 
B B W 
B W B 

1015 Winner: W
. B . 
B B W 
W W . 

1016 Winner: B
. B . 
W B W 
. B . 

1017 Winner: B
B W B 
B B W 
B W W 

1018 Winner: B
B W W 
B B W 
B B W 

1019 Winner: W
. B B 
B B W 
W W W 

1020 Winner: W
. W W 
W B B 
. B . 

1021 Winner: B
B W . 
B B W 
W B . 

1022 Winner: B
. B . 
W B W 
. B . 

1023 Winner: B
. B . 
W B W 
. B . 

1024 Winner: W
W B . 
B B B 
W W W 

1025 Winner: B
. B . 
W B W 
. B . 

1026 Winner: B
B W W 
B B B 
W B W 

1027 Winner: B
. . B 
W B . 
B . W 

1028 Winner: W
. W W 
W B B 
. B . 

1029 Winner: W
. B . 
B B W 
W W . 

1030 Winner: B
. B B 
W W B 
. B W 

1031 Winner: B
W B W 
B B B 
W W B 

1032 Winner: B
W B W 
W B B 
. B . 

1033 Winner: B
W W B 
W B B 
W B B 

1034 Winner: W
. B . 
B B W 
W W . 

1035 Winner: W
W W W 
W B B 
B B . 

1036 Winner: B
B B W 
W B B 
B W W 

1037 Winner: B
B W W 
B B B 
W W B 

1038 Winner: B
W W B 
W B B 
. B . 

1039 Winner: W
W W W 
B B W 
B B . 

1040 Winner: W
. W B 
B B B 
W W W 

1041 Winner: B
W B B 
B B W 
B W W 

1042 Winner: B
. W B 
W B B 
. B W 

1043 Winner: B
W . B 
B W B 
. B W 

1044 Winner: W
W W W 
B B B 
. W B 

1045 Winner: W
W W W 
W B B 
. B B 

1046 Winner: B
. W B 
W B B 
B . W 

1047 Winner: B
. B . 
W B W 
. B . 

1048 Winner: W
W B B 
B B W 
W W . 

1049 Winner: B
B W . 
B B W 
B . W 

1050 Winner: B
W B . 
. B W 
W B B 

1051 Winner: B
. W B 
W B B 
W B . 

1052 Winner: W
B W B 
B B W 
W W . 

1053 Winner: B
W B W 
W B . 
. B B 

1054 Winner: B
B . W 
B B W 
B W . 

1055 Winner: B
B W B 
. B W 
B W . 

1056 Winner: B
. B . 
B B W 
B W W 

1057 Winner: B
W W B 
B B W 
B B W 

1058 Winner: W
B W B 
B B W 
W W . 

1059 Winner: B
B W . 
B B W 
. B W 

1060 Winner: B
B W B 
W B B 
W B W 

1061 Winner: W
B W W 
W B B 
. B W 

1062 Winner: B
W W B 
W B B 
B W B 

1063 Winner: B
. B . 
W B W 
. B . 

1064 Winner: W
B B . 
B B W 
W W W 

1065 Winner: B
B W W 
B B W 
B B W 

1066 Winner: B
. . B 
W B . 
. B W 

1067 Winner: W
W W W 
B B B 
. W B 

1068 Winner: B
B W W 
B B B 
B W W 

1069 Winner: B
W B W 
B B W 
B W B 

1070 Winner: B
. B W 
W B . 
. B . 

1071 Winner: W
B B . 
W B B 
W W W 

1072 Winner: B
B W B 
W B W 
B W B 

1073 Winner: B
W B B 
W B B 
W W B 

1074 Winner: W
. B W 
W W B 
W B B 

1075 Winner: W
. W W 
W B B 
B B W 

1076 Winner: B
B W B 
W B B 
W W B 

1077 Winner: W
. W B 
B B W 
W W B 

1078 Winner: B
. B W 
B B W 
B W . 

1079 Winner: W
W W W 
B B B 
B W . 

1080 Winner: B
. B B 
W B W 
B W . 

1081 Winner: B
W B B 
W B B 
W W B 

1082 Winner: B
B W . 
B B W 
. B W 

1083 Winner: B
. B . 
W B W 
. B . 

1084 Winner: B
. B W 
B B W 
W B . 

1085 Winner: B
. W B 
B B W 
. B W 

1086 Winner: B
B W W 
B B W 
B W B 

1087 Winner: B
W B W 
W B W 
B B B 

1088 Winner: B
. B . 
. B . 
W B W 

1089 Winner: B
. W B 
W B . 
B W B 

1090 Winner: B
B W W 
B B B 
W B W 

1091 Winner: B
W W B 
W B B 
. B . 

1092 Winner: W
. W W 
W B B 
. B . 

1093 Winner: B
B W W 
B B B 
W W B 

1094 Winner: W
W W W 
B B B 
B W . 

1095 Winner: B
. B . 
. B W 
W B . 

1096 Winner: W
W W W 
W B B 
B B . 

1097 Winner: B
W W B 
B B B 
B W W 

1098 Winner: B
. W B 
W B B 
W B . 

1099 Winner: B
W W B 
. B B 
W B . 

1100 Winner: B
B B W 
W B W 
W B B 

1101 Winner: B
. B . 
W B W 
. B . 

1102 Winner: B
B W B 
W B B 
W B W 

1103 Winner: W
B B . 
B B W 
W W W 

1104 Winner: B
W W B 
W B B 
. B . 

1105 Winner: B
B W W 
B B B 
W W B 

1106 Winner: B
W . B 
B B W 
B . W 

1107 Winner: B
W B W 
B B W 
B W B 

1108 Winner: W
B . . 
B B W 
W W . 

1109 Winner: B
W W B 
W B B 
. B . 

1110 Winner: B
B B . 
W B W 
B W . 

1111 Winner: B
. B . 
W B W 
. B . 

1112 Winner: W
B B . 
. B W 
W W . 

1113 Winner: W
W W W 
B B W 
. B B 

1114 Winner: W
B B . 
W B B 
W W W 

1115 Winner: W
W W W 
B B B 
. W B 

1116 Winner: B
. B . 
W B B 
W W B 

1117 Winner: B
B W W 
B B B 
B W W 

1118 Winner: B
B W W 
B B W 
W B B 

1119 Winner: W
W W W 
W B B 
. B B 

1120 Winner: B
. W B 
W B B 
W B . 

1121 Winner: W
. B . 
B B W 
W W . 

1122 Winner: W
. W W 
W B B 
. . B 

1123 Winner: B
W B . 
. B W 
. B . 

1124 Winner: B
W W B 
W B . 
. B B 

1125 Winner: B
. W B 
W B W 
B B . 

1126 Winner: B
W B . 
W B B 
. W B 

1127 Winner: B
B W W 
B B W 
W B B 

1128 Winner: B
B W W 
B B B 
B W W 

1129 Winner: B
B W W 
B B W 
B B W 

1130 Winner: W
B W W 
W B B 
. W B 

1131 Winner: B
W W B 
W B B 
B B W 

1132 Winner: W
B . B 
W B B 
W W W 

1133 Winner: B
. W B 
W B B 
. W B 

1134 Winner: W
. B B 
B B W 
W W W 

1135 Winner: B
W B B 
W B B 
B W W 

1136 Winner: W
B W W 
W B W 
. B B 

1137 Winner: B
W B . 
W B B 
B W . 

1138 Winner: W
B W W 
W B B 
. B W 

1139 Winner: B
W B . 
. B W 
B . . 

1140 Winner: B
. B . 
W B B 
B W W 

1141 Winner: B
B W . 
B B W 
B . W 

1142 Winner: W
. B . 
W W W 
B B . 

1143 Winner: B
B W B 
W B W 
. B . 

1144 Winner: B
B W W 
B B B 
W W B 

1145 Winner: B
B W W 
B B B 
B W W 

1146 Winner: B
W W B 
W B W 
B B B 

1147 Winner: B
. B W 
B B W 
B W . 

1148 Winner: B
B B W 
B B W 
W B W 

1149 Winner: W
. W W 
W B B 
B B W 

1150 Winner: W
B W B 
. B B 
W W W 

1151 Winner: W
. B . 
B B W 
W W . 

1152 Winner: B
W B W 
B B B 
B W W 

1153 Winner: B
. B . 
B B W 
B W W 

1154 Winner: W
B B W 
B B W 
W W . 

1155 Winner: B
B W B 
W B B 
W B W 

1156 Winner: W
B B . 
B B W 
W W W 

1157 Winner: W
. B B 
W B B 
W W W 

1158 Winner: B
W W B 
. B B 
B . W 

1159 Winner: B
B B W 
W B B 
W W B 

1160 Winner: B
W B W 
W B . 
. B B 

1161 Winner: B
W B . 
W B B 
. W B 

1162 Winner: B
B W B 
W B B 
B W W 

1163 Winner: B
B B W 
. B W 
B . W 

1164 Winner: W
W W W 
B B . 
B W B 

1165 Winner: B
. W B 
W B B 
. W B 

1166 Winner: W
. B . 
B B W 
W W . 

1167 Winner: W
. W W 
W B W 
B B B 

1168 Winner: W
. B W 
W W B 
W B B 

1169 Winner: B
. W B 
W B B 
. B W 

1170 Winner: W
B B . 
B B W 
W W W 

1171 Winner: B
B B W 
W B B 
B W W 

1172 Winner: B
W B W 
B B W 
B B W 

1173 Winner: B
. W B 
W B B 
. W B 

1174 Winner: B
W W B 
W B B 
W B B 

1175 Winner: B
B W W 
B B W 
. B . 

1176 Winner: B
B . W 
B B W 
B W . 

1177 Winner: B
. B . 
W B W 
. B . 

1178 Winner: B
B W W 
B B B 
W W B 

1179 Winner: B
W B . 
W B B 
. W B 

1180 Winner: B
. B . 
W B W 
. B . 

1181 Winner: B
W W B 
W B B 
B B W 

1182 Winner: W
W W W 
B B B 
W B . 

1183 Winner: W
. W B 
B B B 
W W W 

1184 Winner: W
. W W 
W B B 
W B B 

1185 Winner: B
. B W 
B B W 
B W . 

1186 Winner: B
B W W 
B B W 
B W B 

1187 Winner: B
. W B 
B W B 
W B . 

1188 Winner: W
. B W 
W W B 
B W B 

1189 Winner: W
B W . 
B B W 
W W B 

1190 Winner: B
W B . 
. B . 
B W . 

1191 Winner: W
B B . 
. B W 
W W . 

1192 Winner: B
B B W 
W B B 
B W W 

1193 Winner: B
. . B 
W B . 
. B W 

1194 Winner: B
B W W 
B B B 
W B W 

1195 Winner: B
. W B 
B B W 
W B . 

1196 Winner: W
B W W 
W W B 
. B B 

1197 Winner: B
W W B 
W B B 
. B . 

1198 Winner: B
. B B 
W B . 
B W W 

1199 Winner: W
. W W 
W B B 
. B . 

1200 Winner: W
B W W 
W B B 
. B W 

1201 Winner: W
W W W 
W B B 
. B B 

1202 Winner: B
. B . 
W B W 
. B . 

1203 Winner: B
B W B 
W B B 
W B W 

1204 Winner: B
. B . 
W B W 
. B . 

1205 Winner: B
B W W 
B B W 
W B B 

1206 Winner: W
. B B 
B B W 
W W W 

1207 Winner: B
B B W 
W B W 
B W B 

1208 Winner: B
B B W 
W B B 
W W B 

1209 Winner: B
B W W 
B B B 
W W B 

1210 Winner: B
W W B 
W B B 
B B W 

1211 Winner: B
. B . 
. B W 
W B . 

1212 Winner: W
. B B 
B B W 
W W W 

1213 Winner: B
B B W 
W B B 
B W W 

1214 Winner: W
B B . 
B B W 
W W W 

1215 Winner: B
W W B 
B B W 
W B B 

1216 Winner: W
B B . 
W B B 
W W W 

1217 Winner: W
. B . 
B B W 
W W . 

1218 Winner: W
W W W 
B B B 
. W B 

1219 Winner: B
. B . 
. B W 
B W . 

1220 Winner: B
B W B 
. B W 
W B . 

1221 Winner: W
W W B 
B W W 
. B B 

1222 Winner: B
W B B 
B B W 
W B W 

1223 Winner: B
. B W 
B W W 
B B . 

1224 Winner: B
. B . 
. B W 
B . W 

1225 Winner: B
W B . 
B B W 
B W . 

1226 Winner: W
B . B 
B B W 
W W W 

1227 Winner: B
. W B 
W B . 
. B . 

1228 Winner: W
. B . 
B B W 
W W . 

1229 Winner: B
W W B 
W B B 
B B W 

1230 Winner: B
. B W 
W B . 
. B . 

1231 Winner: B
. B W 
B B W 
B W . 

1232 Winner: W
. W W 
W B B 
B W B 

1233 Winner: W
B W W 
W B . 
B B W 

1234 Winner: B
W W B 
B B B 
B W W 

1235 Winner: W
B B . 
W B W 
W W B 

1236 Winner: B
B B W 
B B W 
B W W 

1237 Winner: B
. B . 
W B W 
. B . 

1238 Winner: B
W B . 
. B W 
B . . 

1239 Winner: B
. B . 
W B B 
W W B 

1240 Winner: B
B W W 
B B B 
B W W 

1241 Winner: B
B W B 
W B B 
W B W 

1242 Winner: B
. B . 
W B W 
. B . 

1243 Winner: B
. B W 
B B W 
B W . 

1244 Winner: B
B W W 
B B B 
W W B 

1245 Winner: B
B W W 
B B B 
B W W 

1246 Winner: B
B W W 
B B B 
W B W 

1247 Winner: W
B W . 
B B B 
W W W 

1248 Winner: W
W W W 
B B B 
W B . 

1249 Winner: B
B W W 
B B W 
. B . 

1250 Winner: B
. B . 
W B W 
W B B 

1251 Winner: W
. W W 
W B B 
. B . 

1252 Winner: B
. B W 
W B . 
. B . 

1253 Winner: W
W W W 
W B B 
. B B 

1254 Winner: W
B W . 
B B B 
W W W 

1255 Winner: B
W W B 
B B B 
W B W 

1256 Winner: B
B W B 
W B W 
B B W 

1257 Winner: B
. W B 
B B W 
. B W 

1258 Winner: B
. W B 
. B . 
B W . 

1259 Winner: B
W W B 
B B B 
W B W 

1260 Winner: B
. B W 
B B W 
B W . 

1261 Winner: W
W W W 
W B B 
. B B 

1262 Winner: W
. B W 
B B W 
W W B 

1263 Winner: B
. B . 
W B W 
. B . 

1264 Winner: B
. B W 
W B . 
. B . 

1265 Winner: B
W B W 
W B B 
. B . 

1266 Winner: B
. W B 
B B W 
W B . 

1267 Winner: W
B B . 
. B W 
W W . 

1268 Winner: B
B W W 
B B B 
W B W 

1269 Winner: W
. B B 
B B W 
W W W 

1270 Winner: W
W W W 
B B W 
. B B 

1271 Winner: W
. W W 
W B . 
. B B 

1272 Winner: B
B W B 
W B B 
W B W 

1273 Winner: W
. W B 
B B B 
W W W 

1274 Winner: B
W W B 
W B B 
B B W 

1275 Winner: B
. B . 
. B W 
W B . 

1276 Winner: B
B W W 
B B W 
B W B 

1277 Winner: B
. W B 
W B B 
B . W 

1278 Winner: B
B W W 
B B B 
W W B 

1279 Winner: B
W W B 
W B B 
. B . 

1280 Winner: W
W B . 
B B W 
W W B 

1281 Winner: B
B W B 
W B W 
B W B 

1282 Winner: B
. B . 
. B W 
W B . 

1283 Winner: W
W W W 
W B B 
. B B 

1284 Winner: W
B W B 
. B B 
W W W 

1285 Winner: W
B B W 
B B W 
W W . 

1286 Winner: B
. B W 
B B . 
B W W 

1287 Winner: B
. B . 
W B W 
. B . 

1288 Winner: W
W W W 
B B B 
. W B 

1289 Winner: W
W B B 
. B B 
W W W 

1290 Winner: B
. W B 
W B B 
W . B 

1291 Winner: B
B W W 
B B B 
W B W 

1292 Winner: B
W W B 
B B B 
W W B 

1293 Winner: B
. B . 
B W B 
B W W 

1294 Winner: B
. B W 
W B B 
. W B 

1295 Winner: B
B W W 
B B W 
B B W 

1296 Winner: B
B B W 
B B W 
B W W 

1297 Winner: W
. W B 
B B W 
W W B 

1298 Winner: B
W B B 
B W B 
B W W 

1299 Winner: B
W B W 
B B W 
B W B 

1300 Winner: W
. B B 
W B B 
W W W 

1301 Winner: B
W W B 
W B B 
. B . 

1302 Winner: W
. B W 
B B W 
W W B 

1303 Winner: B
B W W 
B B B 
W W B 

1304 Winner: B
W W B 
B B B 
B W W 

1305 Winner: B
W W B 
W B B 
. B . 

1306 Winner: W
. B . 
B B W 
W W . 

1307 Winner: W
W W W 
. W B 
B B B 

1308 Winner: B
W B W 
B B B 
W B W 

1309 Winner: W
. W W 
W B B 
W B B 

1310 Winner: B
. W B 
W B W 
. B B 

1311 Winner: W
. W W 
W B B 
. B . 

1312 Winner: B
. B . 
W B W 
. B . 

1313 Winner: B
. B . 
W B W 
. B . 

1314 Winner: W
W W W 
B B W 
B . B 

1315 Winner: B
B W B 
. B W 
B W . 

1316 Winner: B
. W B 
W B B 
W B . 

1317 Winner: B
B . B 
W B W 
B W . 

1318 Winner: B
. B . 
W B W 
. B . 

1319 Winner: B
W . B 
W B . 
B W B 

1320 Winner: B
. B . 
W B W 
. B . 

1321 Winner: B
. W B 
W B B 
W B . 

1322 Winner: B
W B . 
B B W 
B W . 

1323 Winner: B
B . W 
B B . 
B W W 

1324 Winner: B
. B . 
. B W 
B W . 

1325 Winner: B
. B . 
W B W 
. B . 

1326 Winner: B
B W B 
W B W 
B B W 

1327 Winner: W
. W W 
W B B 
B B W 

1328 Winner: B
B W W 
B B B 
W W B 

1329 Winner: B
W B . 
. B . 
B W . 

1330 Winner: B
. B . 
W B W 
. B . 

1331 Winner: B
B W B 
W B B 
W B W 

1332 Winner: W
W W W 
B B . 
B B W 

1333 Winner: B
W B B 
W B B 
W W B 

1334 Winner: B
B B W 
W B W 
. B . 

1335 Winner: B
B W B 
W B W 
W B B 

1336 Winner: W
W W W 
B B W 
B . B 

1337 Winner: B
. B . 
W B W 
B . . 

1338 Winner: B
W W B 
B B W 
B W B 

1339 Winner: B
B W W 
B B B 
B W W 

1340 Winner: B
. B W 
B B W 
B W . 

1341 Winner: W
. W W 
W B . 
. B B 

1342 Winner: B
B . W 
B B W 
B W . 

1343 Winner: B
. B W 
W B . 
. B . 

1344 Winner: W
B W W 
W B B 
. B W 

1345 Winner: B
. B . 
W B W 
. B . 

1346 Winner: W
. W W 
W B B 
. B . 

1347 Winner: W
. B W 
W W B 
. B . 

1348 Winner: W
B B W 
B B W 
W W . 

1349 Winner: B
. B . 
W B W 
. B . 

1350 Winner: B
W W B 
B B W 
B W B 

1351 Winner: B
. B . 
B B W 
B W W 

1352 Winner: W
B B . 
. B W 
W W . 

1353 Winner: W
W B B 
B B W 
W W . 

1354 Winner: W
W . B 
B B B 
W W W 

1355 Winner: B
. B . 
. B W 
B W . 

1356 Winner: B
. B W 
W B B 
B W . 

1357 Winner: B
. B . 
W B B 
W B W 

1358 Winner: W
. B W 
B B W 
W W B 

1359 Winner: W
W W W 
W B B 
B B . 

1360 Winner: B
. W B 
. B . 
B W . 

1361 Winner: W
. W W 
W B B 
B B W 

1362 Winner: B
W B B 
W B W 
W B B 

1363 Winner: B
. B . 
. B W 
W B . 

1364 Winner: B
. B . 
. B W 
W B . 

1365 Winner: B
. B . 
W B W 
. B . 

1366 Winner: B
B . W 
B B W 
B W . 

1367 Winner: B
W B B 
W B B 
B W W 

1368 Winner: W
W W W 
W B B 
. B B 

1369 Winner: W
. W W 
W B . 
. B B 

1370 Winner: W
B B . 
. B W 
W W . 

1371 Winner: W
. W W 
W B B 
. B . 

1372 Winner: W
. W W 
W B B 
. B . 

1373 Winner: W
B W W 
W B W 
. B B 

1374 Winner: W
. W W 
W B B 
. B . 

1375 Winner: W
. W W 
W B . 
. B B 

1376 Winner: B
W W B 
W B B 
. B . 

1377 Winner: W
. W W 
W B B 
. B . 

1378 Winner: B
W B W 
B B W 
B W B 

1379 Winner: B
W W B 
W B B 
B B W 

1380 Winner: B
B W W 
B B W 
B W B 

1381 Winner: W
. W W 
W B . 
. B B 

1382 Winner: W
W W W 
B B B 
B W . 

1383 Winner: B
B . W 
B W W 
B B . 

1384 Winner: W
B B W 
B B W 
W W . 

1385 Winner: B
. B . 
W B B 
B W W 

1386 Winner: B
B W B 
W B W 
B B W 

1387 Winner: B
B . W 
B B . 
B W W 

1388 Winner: W
W W W 
B B W 
B B . 

1389 Winner: B
W W B 
. B B 
W B . 

1390 Winner: B
W B B 
B W B 
W W B 

1391 Winner: W
. W W 
W B . 
. B B 

1392 Winner: W
B W W 
W B W 
B B . 

1393 Winner: B
B W B 
W B B 
B W W 

1394 Winner: W
W W W 
B B W 
B . B 

1395 Winner: B
W W B 
B B W 
B B W 

1396 Winner: B
B W B 
W B B 
W B W 

1397 Winner: B
B W W 
B B B 
B W W 

1398 Winner: B
W . B 
W B B 
B . W 

1399 Winner: B
B W W 
B B B 
B W W 

1400 Winner: B
. B . 
. B W 
W B . 

1401 Winner: W
W W W 
B B W 
. B B 

1402 Winner: W
B W W 
W B B 
B W . 

1403 Winner: W
B W . 
B B W 
W W B 

1404 Winner: W
. B W 
B B W 
W W B 

1405 Winner: W
. W W 
W B . 
. B B 

1406 Winner: B
. B . 
. B W 
B . W 

1407 Winner: B
. W B 
B B W 
B . W 

1408 Winner: W
W W W 
B B W 
B B . 

1409 Winner: W
. W W 
W B B 
. B . 

1410 Winner: B
W W B 
W B B 
W B B 

1411 Winner: B
. B . 
W B W 
. B . 

1412 Winner: B
. B . 
W B W 
B . . 

1413 Winner: B
. B W 
B B W 
B . W 

1414 Winner: B
W W B 
W B B 
. B . 

1415 Winner: W
. W W 
W B B 
. B . 

1416 Winner: W
B B W 
B B W 
W W . 

1417 Winner: B
B B W 
B B W 
B W W 

1418 Winner: B
B W . 
B B W 
B W . 

1419 Winner: W
W B . 
B B W 
W W B 

1420 Winner: B
B W W 
B B W 
B B W 

1421 Winner: W
. W W 
W B . 
. B B 

1422 Winner: W
B B . 
. B W 
W W . 

1423 Winner: W
. W W 
W B B 
. B . 

1424 Winner: B
. B . 
W B W 
B . . 

1425 Winner: B
. B . 
B B W 
W B W 

1426 Winner: B
. B B 
W B W 
B W . 

1427 Winner: W
. W W 
W B B 
. B . 

1428 Winner: B
. B . 
W B B 
B W W 

1429 Winner: B
. B . 
B B W 
B W W 

1430 Winner: B
B W . 
B B W 
. B W 

1431 Winner: B
W W B 
B B B 
W W B 

1432 Winner: B
W B W 
B B B 
W W B 

1433 Winner: W
B W W 
W B B 
W B . 

1434 Winner: B
B W W 
B B B 
W B W 

1435 Winner: B
B . B 
W B W 
B W . 

1436 Winner: B
W B . 
W B B 
. W B 

1437 Winner: B
B W W 
B B B 
W W B 

1438 Winner: B
W B W 
W B . 
. B B 

1439 Winner: B
. W B 
W B B 
B . W 

1440 Winner: W
W W W 
W B B 
B B . 

1441 Winner: B
. B . 
W B W 
. B . 

1442 Winner: B
B B W 
W B B 
W B W 

1443 Winner: W
B B . 
W B W 
W W B 

1444 Winner: B
W B B 
B B W 
B W W 

1445 Winner: B
. W B 
W B B 
. B W 

1446 Winner: B
. W B 
W B B 
. B W 

1447 Winner: B
. W B 
B B W 
. B W 

1448 Winner: B
B W W 
B B B 
B W W 

1449 Winner: B
. B . 
B B W 
B W W 

1450 Winner: B
W B W 
B B W 
. B . 

1451 Winner: W
. B W 
B W B 
W W B 

1452 Winner: B
. B W 
W B . 
. B . 

1453 Winner: W
. B . 
B B W 
W W . 

1454 Winner: B
W B W 
B B B 
B W W 

1455 Winner: B
W B B 
W B B 
W W B 

1456 Winner: B
. B . 
W B W 
. B . 

1457 Winner: B
W W B 
W B B 
B B W 

1458 Winner: B
. B . 
W B W 
B . . 

1459 Winner: B
W B W 
B B B 
B W W 

1460 Winner: B
. B . 
W B W 
B W B 

1461 Winner: B
B W W 
B W B 
B B W 

1462 Winner: B
. B . 
W B W 
. B . 

1463 Winner: B
. B B 
W B . 
B W W 

1464 Winner: W
B W B 
B B W 
W W . 

1465 Winner: W
W W W 
B B W 
. B B 

1466 Winner: B
B B . 
. B W 
W B W 

1467 Winner: B
W W B 
W B B 
W B B 

1468 Winner: W
B B W 
B B W 
W W . 

1469 Winner: B
B W B 
W B B 
W B W 

1470 Winner: B
B W W 
B B W 
. B . 

1471 Winner: W
. B . 
B B W 
W W . 

1472 Winner: W
W W W 
W B B 
. B B 

1473 Winner: B
B W W 
B B B 
B W W 

1474 Winner: W
. W W 
W B B 
. B . 

1475 Winner: W
. W W 
W B B 
. B . 

1476 Winner: B
B W W 
B B B 
W B W 

1477 Winner: B
. B . 
W B B 
W B W 

1478 Winner: W
B W . 
B B B 
W W W 

1479 Winner: W
W W W 
B B B 
B W . 

1480 Winner: B
. W B 
B B W 
B . W 

1481 Winner: B
W B . 
W B B 
B W . 

1482 Winner: B
W B W 
B B W 
B W B 

1483 Winner: B
B W W 
B B W 
. B . 

1484 Winner: B
W B . 
W B B 
. W B 

1485 Winner: W
B . B 
W B W 
W W B 

1486 Winner: B
. W B 
B B W 
W B . 

1487 Winner: B
B W W 
B B W 
B B W 

1488 Winner: B
B W B 
W B W 
W B B 

1489 Winner: B
. B W 
B B . 
B W W 

1490 Winner: B
B W W 
B B W 
B B W 

1491 Winner: W
W W W 
B W B 
B B . 

1492 Winner: W
. B . 
B B W 
W W . 

1493 Winner: B
W B B 
B B W 
B W W 

1494 Winner: B
W B . 
W B B 
B W . 

1495 Winner: B
W B . 
W B B 
. W B 

1496 Winner: B
B W W 
B B B 
B W W 

1497 Winner: W
. W W 
W B B 
. B . 

1498 Winner: W
. B W 
B B W 
W W B 

1499 Winner: B
. B . 
W B W 
. B . 

1500 Winner: B
W B B 
W W B 
W B B 

1501 Winner: B
B W . 
B B W 
W B . 

1502 Winner: B
W B W 
W B B 
W B B 

1503 Winner: B
W B W 
W B B 
. B . 

1504 Winner: W
B W . 
B B B 
W W W 

1505 Winner: B
. B W 
W B B 
. W B 

1506 Winner: B
B B . 
. B W 
W B W 

1507 Winner: W
W W W 
B B W 
B B . 

1508 Winner: W
. B W 
B B W 
W W B 

1509 Winner: B
. B W 
B B . 
B W W 

1510 Winner: B
B W W 
B B B 
W W B 

1511 Winner: B
B W W 
B B W 
B B W 

1512 Winner: B
B W W 
B B W 
B B W 

1513 Winner: B
. B . 
W B B 
B W W 

1514 Winner: B
. W B 
W B . 
. B . 

1515 Winner: B
B B W 
W B B 
B W W 

1516 Winner: W
W W W 
B B W 
B B . 

1517 Winner: B
B W W 
B B W 
B B W 

1518 Winner: B
W B W 
B B W 
B W B 

1519 Winner: W
B W W 
W B B 
W B . 

1520 Winner: B
B B W 
W B W 
. B . 

1521 Winner: W
. W W 
W B B 
W B B 

1522 Winner: B
B W W 
B B B 
W W B 

1523 Winner: B
. W B 
W B . 
. B . 

1524 Winner: B
B W B 
W B B 
W B W 

1525 Winner: B
W W B 
B B W 
W B B 

1526 Winner: B
B W . 
B B W 
W B . 

1527 Winner: W
W W W 
W B B 
. B B 

1528 Winner: W
W W W 
W B B 
. B B 

1529 Winner: B
. B . 
W B W 
B . . 

1530 Winner: W
B B . 
. B W 
W W . 

1531 Winner: W
. B B 
W B B 
W W W 

1532 Winner: W
. W W 
W B . 
. B B 

1533 Winner: B
B B W 
W B B 
W W B 

1534 Winner: B
. B . 
W B W 
. B . 

1535 Winner: B
B W B 
W B B 
W W B 

1536 Winner: B
W B W 
B B B 
W W B 

1537 Winner: B
W W B 
W B B 
B B W 

1538 Winner: B
. B W 
W B B 
B W . 

1539 Winner: B
B B B 
W B W 
B W W 

1540 Winner: W
. B B 
B B W 
W W W 

1541 Winner: B
. W B 
B B W 
W B . 

1542 Winner: B
. B W 
W B B 
. W B 

1543 Winner: W
W W W 
B B W 
. B B 

1544 Winner: B
W W B 
W B B 
W B B 

1545 Winner: B
B B W 
W B W 
B W B 

1546 Winner: W
B B B 
W W W 
. B W 

1547 Winner: W
W B . 
W W W 
B B B 

1548 Winner: B
B B W 
W B W 
. B . 

1549 Winner: B
W W B 
W B B 
W B B 

1550 Winner: B
. B . 
W B W 
. B . 

1551 Winner: W
. B B 
W B B 
W W W 

1552 Winner: B
W B B 
W B B 
B W W 

1553 Winner: B
B W W 
B B B 
W W B 

1554 Winner: W
W W W 
B B W 
B B . 

1555 Winner: B
W B . 
. B W 
. B . 

1556 Winner: B
B W B 
W B W 
B W B 

1557 Winner: W
. W W 
W B B 
. B . 

1558 Winner: W
W W W 
B B W 
B . B 

1559 Winner: B
B W W 
B B B 
W W B 

1560 Winner: B
. W B 
W B B 
W B . 

1561 Winner: W
W W W 
W B . 
B B B 

1562 Winner: B
. W B 
B W B 
W B . 

1563 Winner: W
B B . 
W B B 
W W W 

1564 Winner: B
B W B 
W B B 
W B W 

1565 Winner: B
W W B 
B W B 
W B B 

1566 Winner: W
W . B 
B B B 
W W W 

1567 Winner: B
. B W 
W B B 
. W B 

1568 Winner: B
B W B 
W B W 
B B W 

1569 Winner: B
. B . 
W B W 
. B . 

1570 Winner: B
W W B 
. B W 
B B . 

1571 Winner: B
. W B 
B B W 
. B W 

1572 Winner: B
W W B 
W B W 
B B B 

1573 Winner: W
B B . 
B W B 
W W W 

1574 Winner: B
. B . 
W B B 
W B W 

1575 Winner: B
. B W 
W B . 
. B . 

1576 Winner: B
W B B 
W B W 
W B B 

1577 Winner: W
W W W 
B B B 
B W . 

1578 Winner: B
B B W 
W B B 
B W W 

1579 Winner: W
B B . 
B W B 
W W W 

1580 Winner: B
. B . 
W B W 
. B . 

1581 Winner: B
. W B 
B B W 
. B W 

1582 Winner: B
W B . 
B B W 
B W . 

1583 Winner: W
W W W 
. B B 
W B B 

1584 Winner: W
W W W 
W B B 
. B B 

1585 Winner: B
B W W 
B B B 
B W W 

1586 Winner: W
B W W 
W B W 
. B B 

1587 Winner: B
W W B 
B B B 
B W W 

1588 Winner: B
B W B 
. B W 
B W . 

1589 Winner: B
W W B 
B B W 
B B W 

1590 Winner: B
B W W 
B B W 
. B . 

1591 Winner: B
W W B 
B B B 
B W W 

1592 Winner: B
B W B 
W B B 
W W B 

1593 Winner: B
W B W 
B B W 
W B B 

1594 Winner: B
W B W 
B W W 
B B B 

1595 Winner: B
. W B 
B B W 
W B . 

1596 Winner: B
B W B 
. B W 
B W . 

1597 Winner: B
W B B 
B W B 
W B W 

1598 Winner: B
W W B 
B B B 
B W W 

1599 Winner: B
. B . 
W B B 
W W B 

1600 Winner: W
B B . 
. W W 
W B . 

1601 Winner: B
W W B 
B B W 
W B B 

1602 Winner: B
. B W 
W B . 
. B . 

1603 Winner: B
B . B 
W B . 
B W W 

1604 Winner: W
W W W 
W B B 
. B B 

1605 Winner: B
B W W 
B B W 
W B B 

1606 Winner: B
B . B 
W B W 
B W . 

1607 Winner: B
. B . 
B B W 
W B W 

1608 Winner: W
B W . 
B B B 
W W W 

1609 Winner: B
W W B 
W B B 
W B B 

1610 Winner: B
W B W 
B B W 
B B W 

1611 Winner: B
. W B 
W B . 
. B . 

1612 Winner: B
. B . 
. B W 
B W . 

1613 Winner: B
. B . 
W B W 
B . . 

1614 Winner: W
B B W 
B B W 
W W . 

1615 Winner: B
W B B 
W B B 
W W B 

1616 Winner: W
W W W 
W B B 
B B . 

1617 Winner: W
. W B 
B B B 
W W W 

1618 Winner: B
W W B 
W B B 
. B . 

1619 Winner: B
W B B 
B B W 
B W W 

1620 Winner: W
W W W 
B B W 
B B . 

1621 Winner: W
. W W 
W B B 
B B W 

1622 Winner: W
W W W 
B B B 
. W B 

1623 Winner: B
B W W 
B B B 
W W B 

1624 Winner: B
B W W 
B B B 
W W B 

1625 Winner: B
. W B 
W B . 
. B . 

1626 Winner: B
W B W 
W B . 
. B B 

1627 Winner: B
B W W 
B B B 
W W B 

1628 Winner: B
W B W 
B B W 
B W B 

1629 Winner: B
W B B 
B B W 
W B W 

1630 Winner: W
. W W 
W B . 
. B B 

1631 Winner: W
W W W 
B B W 
B B . 

1632 Winner: B
B B W 
B B W 
B W W 

1633 Winner: B
B W W 
B B W 
W B B 

1634 Winner: W
B B W 
B W B 
W . W 

1635 Winner: B
W W B 
W B W 
B B B 

1636 Winner: B
. B . 
B B W 
B W W 

1637 Winner: B
W W B 
. B B 
W B . 

1638 Winner: B
B W W 
B B W 
W B B 

1639 Winner: B
W B B 
W W B 
B W B 

1640 Winner: B
. B . 
W B W 
. B . 

1641 Winner: B
W B W 
W B . 
. B B 

1642 Winner: W
. W W 
W B . 
. B B 

1643 Winner: B
. B . 
W B . 
. B W 

1644 Winner: B
. B B 
W B . 
B W W 

1645 Winner: B
W W B 
B B W 
B B W 

1646 Winner: W
. B . 
B B W 
W W . 

1647 Winner: B
W W B 
W B B 
. B . 

1648 Winner: B
. W B 
W B B 
W B . 

1649 Winner: W
B B . 
B B W 
W W W 

1650 Winner: B
. . B 
W B W 
. B . 

1651 Winner: W
W W W 
W B B 
. B B 

1652 Winner: B
B W W 
B B W 
B W B 

1653 Winner: B
B B W 
W B B 
B W W 

1654 Winner: B
. B . 
. B W 
W B . 

1655 Winner: W
. B W 
W W B 
. B . 

1656 Winner: B
B B W 
W B W 
. B . 

1657 Winner: B
B W W 
B B W 
B W B 

1658 Winner: W
. B . 
B W W 
W B . 

1659 Winner: B
W B B 
W B W 
W B B 

1660 Winner: W
. W W 
W B . 
. B B 

1661 Winner: B
W W B 
B B W 
. B . 

1662 Winner: B
W B . 
. B B 
W W B 

1663 Winner: B
. B . 
W B W 
. B . 

1664 Winner: W
. W B 
B B B 
W W W 

1665 Winner: B
W W B 
B W B 
W B B 

1666 Winner: B
W W B 
. B W 
B . B 

1667 Winner: B
B W . 
B B W 
W B . 

1668 Winner: W
W W W 
B B W 
B B . 

1669 Winner: W
B W W 
W B B 
B W . 

1670 Winner: B
B B W 
W B W 
. B . 

1671 Winner: B
W B . 
. B W 
. B . 

1672 Winner: B
B W W 
B B W 
B B W 

1673 Winner: W
W W W 
B B . 
B B W 

1674 Winner: B
W B . 
B B W 
B W . 

1675 Winner: W
W W W 
. B B 
W B B 

1676 Winner: W
W W W 
B B B 
B . W 

1677 Winner: W
. B B 
B B W 
W W W 

1678 Winner: B
. W B 
W B B 
B . W 

1679 Winner: B
B W W 
B W B 
B B W 

1680 Winner: B
B W B 
W B W 
W B B 

1681 Winner: W
B B . 
W B B 
W W W 

1682 Winner: W
B B W 
B W B 
W W . 

1683 Winner: W
. B . 
B B W 
W W . 

1684 Winner: W
. B . 
B B W 
W W . 

1685 Winner: W
. W W 
W B B 
. B . 

1686 Winner: B
. B W 
W B B 
B W . 

1687 Winner: B
. W B 
W B B 
W B . 

1688 Winner: B
W W B 
B B B 
W W B 

1689 Winner: W
W W W 
. B . 
. B B 

1690 Winner: B
. W B 
W B B 
W B . 

1691 Winner: B
W W B 
B B W 
B B W 

1692 Winner: W
. W B 
B B B 
W W W 

1693 Winner: B
. W B 
W B W 
. B B 

1694 Winner: W
B B . 
. B W 
W W . 

1695 Winner: B
B W B 
W B B 
W W B 

1696 Winner: W
. B . 
B B W 
W W . 

1697 Winner: W
B B . 
W B W 
W W B 

1698 Winner: B
B W W 
B B W 
B W B 

1699 Winner: B
. B . 
W B W 
. B . 

1700 Winner: B
W W B 
. B B 
B W . 

1701 Winner: W
B B . 
W B B 
W W W 

1702 Winner: B
B B W 
B B W 
B W W 

1703 Winner: B
B B W 
B B W 
B W W 

1704 Winner: B
W B . 
. B . 
W B . 

1705 Winner: W
W W W 
B B B 
W . B 

1706 Winner: W
W W W 
W B B 
. B B 

1707 Winner: B
. B . 
W B B 
B W W 

1708 Winner: W
W W W 
B B W 
. B B 

1709 Winner: W
. W W 
W B B 
. B . 

1710 Winner: B
W W B 
. B B 
W B . 

1711 Winner: B
W W B 
W B W 
B B B 

1712 Winner: B
. W B 
W B B 
. B W 

1713 Winner: W
. B B 
W B B 
W W W 

1714 Winner: B
B W W 
B B W 
. B . 

1715 Winner: W
. W W 
W B B 
W B B 

1716 Winner: W
B W W 
W B . 
B W B 

1717 Winner: B
W B . 
. B W 
W B B 

1718 Winner: B
. B . 
. B W 
B W . 

1719 Winner: B
B W . 
B B W 
. B W 

1720 Winner: W
W W W 
W B B 
B B . 

1721 Winner: B
B W . 
B B W 
B W . 

1722 Winner: W
B B B 
W B . 
W W W 

1723 Winner: B
W W B 
W B B 
B B W 

1724 Winner: B
. W B 
W B B 
B . W 

1725 Winner: B
W W B 
W B B 
. B . 

1726 Winner: B
W W B 
B B W 
. B . 

1727 Winner: W
W B B 
. B W 
W W B 

1728 Winner: B
W . B 
W B B 
. W B 

1729 Winner: B
W B W 
B B W 
B W B 

1730 Winner: B
B B W 
B B W 
B W W 

1731 Winner: B
B W . 
B B W 
B W . 

1732 Winner: B
B B B 
W W B 
W W B 

1733 Winner: B
W W B 
B B B 
W B W 

1734 Winner: W
B B W 
B B . 
W W W 

1735 Winner: W
B W . 
B B B 
W W W 

1736 Winner: B
B W B 
W B B 
W W B 

1737 Winner: W
. W W 
W B B 
B W B 

1738 Winner: B
B B W 
W B W 
W B B 

1739 Winner: B
B W B 
W B B 
W B W 

1740 Winner: W
W W W 
. B B 
W B B 

1741 Winner: B
W B W 
B B B 
W W B 

1742 Winner: B
W W B 
B B B 
W W B 

1743 Winner: B
B W B 
W B W 
B B W 

1744 Winner: B
W W B 
B B B 
B W W 

1745 Winner: B
W B B 
W B B 
W W B 

1746 Winner: W
. B B 
W B W 
W W B 

1747 Winner: W
B . W 
B B B 
W W W 

1748 Winner: B
. B . 
W B W 
. B . 

1749 Winner: W
. B W 
B B W 
W W B 

1750 Winner: B
. B W 
W B B 
. W B 

1751 Winner: B
W W B 
B B W 
B W B 

1752 Winner: B
W W B 
B B B 
W W B 

1753 Winner: B
B B . 
. B W 
W B W 

1754 Winner: W
. B . 
B W W 
W B . 

1755 Winner: B
. W B 
W B B 
W . B 

1756 Winner: B
. B . 
B B W 
W B W 

1757 Winner: B
B W . 
B B W 
. B W 

1758 Winner: W
. W W 
W B B 
B B W 

1759 Winner: W
B W W 
W B W 
B B . 

1760 Winner: B
W W B 
B B B 
B W W 

1761 Winner: W
. B . 
W W W 
. B B 

1762 Winner: W
. B . 
B B W 
W W . 

1763 Winner: B
W W B 
W B B 
B B W 

1764 Winner: W
W W W 
B B B 
B W . 

1765 Winner: B
B W B 
W B W 
B B W 

1766 Winner: B
W W B 
B B W 
. B . 

1767 Winner: W
. W W 
W B B 
. B . 

1768 Winner: B
B W W 
B B W 
B B W 

1769 Winner: B
B W . 
B B W 
B W . 

1770 Winner: B
W B W 
. B W 
B . B 

1771 Winner: W
W W W 
B B B 
. W B 

1772 Winner: B
. W B 
W B . 
. B . 

1773 Winner: W
W B . 
B B W 
W W B 

1774 Winner: B
W B B 
B B W 
B W W 

1775 Winner: W
B B B 
. B W 
W W W 

1776 Winner: B
W W B 
W B B 
W B B 

1777 Winner: W
. W W 
W B B 
. B . 

1778 Winner: W
. B B 
W B B 
W W W 

1779 Winner: B
. B . 
B B W 
B W W 

1780 Winner: B
W W B 
B B W 
B B W 

1781 Winner: W
. B W 
B B B 
W W W 

1782 Winner: B
W W B 
B B B 
W W B 

1783 Winner: B
W B . 
W B B 
B W . 

1784 Winner: W
. W W 
W B B 
. B . 

1785 Winner: B
W W B 
W B B 
B B W 

1786 Winner: B
W W B 
B B B 
B W W 

1787 Winner: B
W . B 
W B . 
. B . 

1788 Winner: B
. B . 
W B W 
. B . 

1789 Winner: B
W W B 
. B B 
W . B 

1790 Winner: W
B W W 
W B . 
B B W 

1791 Winner: W
. B W 
B B W 
W W B 

1792 Winner: B
. B . 
W B W 
. B . 

1793 Winner: B
. W B 
B B W 
. B W 

1794 Winner: B
B W W 
B B B 
B W W 

1795 Winner: B
W B W 
B B B 
B W W 

1796 Winner: W
B B . 
. B W 
W W . 

1797 Winner: W
B W W 
W B B 
W B . 

1798 Winner: W
W B B 
. B W 
W W B 

1799 Winner: B
. B . 
W B W 
. B . 

